<?xml version="1.0" encoding="UTF-8"?>
<!-- Generated by org.testng.reporters.JUnitReportReporter -->
<testsuite hostname="DESKTOP-6F8TR2V" failures="0" tests="1" name="contact.CreateContactTest" time="43.590" errors="0" timestamp="2023-02-23T22:24:58 IST" skipped="0">
  <testcase classname="contact.CreateContactTest" name="createContactTest" time="43.590"/>
  <system-out/>
</testsuite> <!-- contact.CreateContactTest -->
