<?xml version="1.0" encoding="UTF-8"?>
<!-- Generated by org.testng.reporters.JUnitReportReporter -->
<testsuite hostname="DESKTOP-6F8TR2V" failures="0" tests="1" name="Campaign.CampaignWithProductTest" time="57.537" errors="0" timestamp="2023-02-27T20:23:37 IST" skipped="0">
  <testcase classname="Campaign.CampaignWithProductTest" name="campaignWithProductTest" time="57.537"/>
  <system-out/>
</testsuite> <!-- Campaign.CampaignWithProductTest -->
