<?xml version="1.0" encoding="UTF-8"?>
<!-- Generated by org.testng.reporters.JUnitReportReporter -->
<testsuite hostname="DESKTOP-6F8TR2V" failures="0" tests="1" name="Campaign.CreateCampaignTest" time="41.238" errors="0" timestamp="2023-02-24T17:56:30 IST" skipped="0">
  <testcase classname="Campaign.CreateCampaignTest" name="createCampaignTest" time="41.238"/>
  <system-out/>
</testsuite> <!-- Campaign.CreateCampaignTest -->
