<?xml version="1.0" encoding="UTF-8"?>
<!-- Generated by org.testng.reporters.JUnitReportReporter -->
<testsuite hostname="DESKTOP-6F8TR2V" failures="0" tests="1" name="Product.DeleteProductTest" time="44.707" errors="0" timestamp="2023-02-23T22:27:27 IST" skipped="0">
  <testcase classname="Product.DeleteProductTest" name="deleteProductTest" time="44.707"/>
  <system-out/>
</testsuite> <!-- Product.DeleteProductTest -->
