<?xml version="1.0" encoding="UTF-8"?>
<!-- Generated by org.testng.reporters.JUnitReportReporter -->
<testsuite hostname="DESKTOP-6F8TR2V" failures="0" tests="3" name="practice.DataProviderTest" time="391.894" errors="0" timestamp="2023-02-23T21:22:22 IST" skipped="0">
  <testcase classname="practice.DataProviderTest" name="companyDetails" time="145.872"/>
  <system-out/>
  <testcase classname="practice.DataProviderTest" name="companyDetails" time="123.198"/>
  <system-out/>
  <testcase classname="practice.DataProviderTest" name="companyDetails" time="122.824"/>
  <system-out/>
</testsuite> <!-- practice.DataProviderTest -->
