<?xml version="1.0" encoding="UTF-8"?>
<!-- Generated by org.testng.reporters.JUnitReportReporter -->
<testsuite hostname="DESKTOP-6F8TR2V" failures="0" tests="1" name="practice.HardAssert" time="0.034" errors="0" timestamp="2023-03-01T16:53:12 IST" skipped="0">
  <testcase classname="practice.HardAssert" name="name" time="0.034"/>
  <system-out/>
</testsuite> <!-- practice.HardAssert -->
