<?xml version="1.0" encoding="UTF-8"?>
<!-- Generated by org.testng.reporters.JUnitReportReporter -->
<testsuite hostname="DESKTOP-6F8TR2V" failures="0" tests="5" name="practice.DataPrividerTest" time="0.038" errors="0" timestamp="2023-02-23T03:51:08 IST" skipped="0">
  <testcase classname="practice.DataPrividerTest" name="bookTicket" time="0.003"/>
  <system-out/>
  <testcase classname="practice.DataPrividerTest" name="bookTicket" time="0.003"/>
  <system-out/>
  <testcase classname="practice.DataPrividerTest" name="bookTicket" time="0.008"/>
  <system-out/>
  <testcase classname="practice.DataPrividerTest" name="bookTicket" time="0.021"/>
  <system-out/>
  <testcase classname="practice.DataPrividerTest" name="bookTicket" time="0.003"/>
  <system-out/>
</testsuite> <!-- practice.DataPrividerTest -->
