<?xml version="1.0" encoding="UTF-8"?>
<!-- Generated by org.testng.reporters.JUnitReportReporter -->
<testsuite hostname="DESKTOP-6F8TR2V" failures="0" tests="2" name="practice.SoftAssertTest" time="0.039" errors="0" timestamp="2023-02-28T03:44:02 IST" skipped="0">
  <testcase classname="practice.SoftAssertTest" name="createContact" time="0.030"/>
  <system-out/>
  <testcase classname="practice.SoftAssertTest" name="modifyContact" time="0.009"/>
  <system-out/>
</testsuite> <!-- practice.SoftAssertTest -->
