<?xml version="1.0" encoding="UTF-8"?>
<!-- Generated by org.testng.reporters.JUnitReportReporter -->
<testsuite hostname="DESKTOP-6F8TR2V" failures="0" tests="1" name="practice.SampleTest" time="41.851" errors="0" timestamp="2023-02-28T04:28:12 IST" skipped="0">
  <testcase classname="practice.SampleTest" name="createOrganisationTest" time="41.851"/>
  <system-out/>
</testsuite> <!-- practice.SampleTest -->
